[POST] /api/product/master/insert - 23131ms
[POST] /api/product/master/insert - 286ms
[POST] /api/product/master/insert - 305ms
[POST] /api/product/master/insert - 415ms
[PUT] /api/product/master/update - 489ms
[PUT] /api/product/detail/update - 829ms
[GET] /api/product/detail/getById/481446c1-52e1-4560-8985-0684e3d2699d - 240ms
[GET] /api/product/detail/getById/481446c1-52e1-4560-8985-0684e3d2699d - 61ms
[GET] /api/product/detail/getById/481446c1-52e1-4560-8985-0684e3d2699d - 17ms
[GET] /api/product/detail/getById/481446c1-52e1-4560-8985-0684e3d2699d - 9ms
[GET] /api/product/detail/getById/481446c1-52e1-4560-8985-0684e3d2699d - 12ms
[GET] /api/product/detail/getById/481446c1-52e1-4560-8985-0684e3d2699d - 15ms
[GET] /api/product/health - 24ms
[GET] /api/product/health - 5ms
[GET] /api/product/master/getById/481446c1-52e1-4560-8985-0684e3d2699d - 21ms
[GET] /api/product/detail/getById/481446c1-52e1-4560-8985-0684e3d2699d - 7ms
[GET] /api/product/detail/getById/481446c1-52e1-4560-8985-0684e3d2699d - 5ms
[GET] /api/product/detail/getById/8cdaea8b-6b8d-427f-a0f9-dcc8e2703a69 - 17ms
[GET] /api/product/detail/getById/8cdaea8b-6b8d-427f-a0f9-dcc8e2703a69 - 3ms
[GET] /api/product/detail/getById/8cdaea8b-6b8d-427f-a0f9-dcc8e2703a69 - 95122ms
[GET] /api/product/detail/getById/8cdaea8b-6b8d-427f-a0f9-dcc8e2703a69 - 299ms
[GET] /api/product/detail/getById/8cdaea8b-6b8d-427f-a0f9-dcc8e2703a69 - 23ms
[GET] /api/product/detail/getById/8cdaea8b-6b8d-427f-a0f9-dcc8e2703a69 - 265ms
[PUT] /api/product/detail/update - 195ms
[GET] /api/product/detail/getById/8cdaea8b-6b8d-427f-a0f9-dcc8e2703a69 - 20ms
[GET] /api/product/detail/getById/8f0b354b-1b7a-4ecd-ad2c-a3b32baa6d6d - 15ms
[PUT] /api/product/detail/update - 25ms
[GET] /api/product/detail/getById/8f0b354b-1b7a-4ecd-ad2c-a3b32baa6d6d - 9ms
[GET] /api/product/detail/getById/8f0b354b-1b7a-4ecd-ad2c-a3b32baa6d6d - 9ms
[GET] /api/product/detail/getById/481446c1-52e1-4560-8985-0684e3d2699d - 15ms
[POST] /api/product/master/insert - 52ms
[GET] /api/product/master/getById/1e2bbde5-0d5c-4b76-b8ac-4d97cf56ab34 - 50ms
[GET] /api/product/master/getById/1e2bbde5-0d5c-4b76-b8ac-4d97cf56ab34 - 2ms
[GET] /api/product/master/getById/1e2bbde5-0d5c-4b76-b8ac-4d97cf56ab34 - 1ms
[PUT] /api/product/master/update - 39ms
[GET] /api/product/master/getById/1e2bbde5-0d5c-4b76-b8ac-4d97cf56ab34 - 12ms
[GET] /api/product/master/getById/1e2bbde5-0d5c-4b76-b8ac-4d97cf56ab34 - 60322ms
[GET] /api/product/master/getById/1e2bbde5-0d5c-4b76-b8ac-4d97cf56ab34 - 55135ms
[GET] /api/product/master/getById/1e2bbde5-0d5c-4b76-b8ac-4d97cf56ab34 - 23971ms
[GET] /api/product/health - 54ms
[GET] /api/product/health - 57ms
[GET] /api/product/detail/getById/1e2bbde5-0d5c-4b76-b8ac-4d97cf56ab34 - 211ms
[GET] /api/product/health - 11ms
[PUT] /api/product/detail/update - 227ms
[PUT] /api/product/detail/update - 202ms
[GET] /api/product/detail/getById/c75a23ac-635b-4f8e-b36f-028a4d3ca5bd - 140ms
[GET] /api/product/detail/getById/481446c1-52e1-4560-8985-0684e3d2699d - 363ms
[GET] /api/product/detail/getById/481446c1-52e1-4560-8985-0684e3d2699d - 3ms
[GET] /api/product/detail/getById/481446c1-52e1-4560-8985-0684e3d2699d - 0ms
[GET] /api/product/detail/getById/481446c1-52e1-4560-8985-0684e3d2699d - 0ms
[GET] /api/product/detail/getById/481446c1-52e1-4560-8985-0684e3d2699d - 0ms
[GET] /api/product/detail/getById/481446c1-52e1-4560-8985-0684e3d2699d - 0ms
[GET] /api/product/detail/getById/481446c1-52e1-4560-8985-0684e3d2699d - 263ms
[GET] /api/product/detail/getById/481446c1-52e1-4560-8985-0684e3d2699d - 0ms
[PUT] /api/product/detail/update - 167ms
[GET] /api/product/detail/getById/481446c1-52e1-4560-8985-0684e3d2699d - 4ms
[GET] /api/product/detail/getById/481446c1-52e1-4560-8985-0684e3d2699d - 0ms
[GET] /api/product/detail/getById/481446c1-52e1-4560-8985-0684e3d2699d - 288ms
[GET] /api/product/detail/getById/481446c1-52e1-4560-8985-0684e3d2699d - 0ms
[GET] /api/product/detail/getById/481446c1-52e1-4560-8985-0684e3d2699d - 4ms
[PUT] /api/product/detail/update - 166ms
[GET] /api/product/detail/getById/481446c1-52e1-4560-8985-0684e3d2699d - 14ms
[GET] /api/product/detail/getById/481446c1-52e1-4560-8985-0684e3d2699d - 3ms
[GET] /api/product/detail/getById/481446c1-52e1-4560-8985-0684e3d2699d - 2ms
[GET] /api/product/detail/getById/481446c1-52e1-4560-8985-0684e3d2699d - 293ms
[GET] /api/product/detail/getById/481446c1-52e1-4560-8985-0684e3d2699d - 0ms
[PUT] /api/product/detail/update - 168ms
[GET] /api/product/detail/getById/481446c1-52e1-4560-8985-0684e3d2699d - 10ms
[GET] /api/product/detail/getById/481446c1-52e1-4560-8985-0684e3d2699d - 2ms
[GET] /api/product/detail/getById/481446c1-52e1-4560-8985-0684e3d2699d - 294ms
[GET] /api/product/detail/getById/481446c1-52e1-4560-8985-0684e3d2699d - 13ms
[GET] /api/product/detail/getById/481446c1-52e1-4560-8985-0684e3d2699d - 13ms
[PUT] /api/product/detail/update - 171ms
[PUT] /api/product/detail/update - 27ms
[GET] /api/product/detail/getById/481446c1-52e1-4560-8985-0684e3d2699d - 10ms
[GET] /api/product/detail/getById/481446c1-52e1-4560-8985-0684e3d2699d - 13ms
[GET] /api/product/detail/getById/481446c1-52e1-4560-8985-0684e3d2699d - 10ms
[GET] /api/product/detail/getById/b2f32651-a669-429f-8172-aea33526318a - 148ms
[PUT] /api/product/detail/update - 175ms
[GET] /api/product/detail/getById/7f5d33c1-2f1d-44f2-96e4-02d545f63e98 - 126ms
[PUT] /api/product/detail/update - 156ms
[GET] /api/product/detail/getById/e66c5194-e7bc-49db-8fef-43f9db30a198 - 106ms
[PUT] /api/product/detail/update - 169ms
[GET] /api/product/detail/getById/640306a1-7071-4a7d-b88d-bde5fcf51554 - 95ms
[PUT] /api/product/detail/update - 137ms
[GET] /api/product/detail/getById/900ace76-9bca-48e9-8273-f78610f60079 - 96ms
[PUT] /api/product/detail/update - 142ms
